<?xml version="1.0" encoding="UTF-8"?>
<!-- Generated by org.testng.reporters.JUnitReportReporter -->
<testsuite hostname="manjunathan-junior-qa" failures="0" tests="1" name="Demo_Jenkins.Jenkin_Icliniq_Login" time="25.759" errors="0" timestamp="2023-02-09T13:29:02 IST" skipped="0">
  <testcase classname="Demo_Jenkins.Jenkin_Icliniq_Login" name="login" time="25.759"/>
  <system-out/>
</testsuite> <!-- Demo_Jenkins.Jenkin_Icliniq_Login -->
